[35m[1mScanning dependencies of target roscpp_generate_messages_py[0m
[35m[1mScanning dependencies of target rosgraph_msgs_generate_messages_py[0m
[35m[1mScanning dependencies of target geometry_msgs_generate_messages_py[0m
[35m[1mScanning dependencies of target std_msgs_generate_messages_lisp[0m
[35m[1mScanning dependencies of target rosgraph_msgs_generate_messages_lisp[0m
[35m[1mScanning dependencies of target rosgraph_msgs_generate_messages_cpp[0m
[35m[1mScanning dependencies of target roscpp_generate_messages_lisp[0m
[  0%] Built target roscpp_generate_messages_py
[  0%] Built target std_msgs_generate_messages_lisp
[  0%] Built target rosgraph_msgs_generate_messages_py
[  0%] Built target rosgraph_msgs_generate_messages_lisp
[  0%] Built target geometry_msgs_generate_messages_py
[  0%] Built target rosgraph_msgs_generate_messages_cpp
[35m[1mScanning dependencies of target roscpp_generate_messages_nodejs[0m
[  0%] Built target roscpp_generate_messages_lisp
[35m[1mScanning dependencies of target std_msgs_generate_messages_eus[0m
[35m[1mScanning dependencies of target geometry_msgs_generate_messages_nodejs[0m
[35m[1mScanning dependencies of target geometry_msgs_generate_messages_cpp[0m
[35m[1mScanning dependencies of target roscpp_generate_messages_eus[0m
[35m[1mScanning dependencies of target geometry_msgs_generate_messages_lisp[0m
[  0%] Built target std_msgs_generate_messages_eus
[  0%] Built target geometry_msgs_generate_messages_nodejs
[35m[1mScanning dependencies of target roscpp_generate_messages_cpp[0m
[  0%] Built target roscpp_generate_messages_nodejs
[  0%] Built target geometry_msgs_generate_messages_cpp
[  0%] Built target roscpp_generate_messages_eus
[  0%] Built target geometry_msgs_generate_messages_lisp
[  0%] Built target roscpp_generate_messages_cpp
[35m[1mScanning dependencies of target std_msgs_generate_messages_nodejs[0m
[35m[1mScanning dependencies of target std_msgs_generate_messages_py[0m
[35m[1mScanning dependencies of target std_msgs_generate_messages_cpp[0m
[35m[1mScanning dependencies of target rosgraph_msgs_generate_messages_nodejs[0m
[35m[1mScanning dependencies of target geometry_msgs_generate_messages_eus[0m
[35m[1mScanning dependencies of target rosgraph_msgs_generate_messages_eus[0m
[  0%] Built target std_msgs_generate_messages_py
[  0%] Built target std_msgs_generate_messages_cpp
[  0%] Built target rosgraph_msgs_generate_messages_nodejs
[35m[1mScanning dependencies of target kdl_robot_test[0m
[  0%] Built target std_msgs_generate_messages_nodejs
[  0%] Built target rosgraph_msgs_generate_messages_eus
[  0%] Built target geometry_msgs_generate_messages_eus
[35m[1mScanning dependencies of target kdl_ros_control[0m
[ 11%] [32mBuilding CXX object CMakeFiles/kdl_ros_control.dir/src/kdl_robot.cpp.o[0m
[ 22%] [32mBuilding CXX object CMakeFiles/kdl_robot_test.dir/src/kdl_robot_test.cpp.o[0m
[ 33%] [32mBuilding CXX object CMakeFiles/kdl_ros_control.dir/src/kdl_control.cpp.o[0m
[ 44%] [32mBuilding CXX object CMakeFiles/kdl_ros_control.dir/src/kdl_planner.cpp.o[0m
[ 55%] [32mBuilding CXX object CMakeFiles/kdl_robot_test.dir/src/kdl_robot.cpp.o[0m
[ 66%] [32mBuilding CXX object CMakeFiles/kdl_robot_test.dir/src/kdl_control.cpp.o[0m
[ 77%] [32mBuilding CXX object CMakeFiles/kdl_robot_test.dir/src/kdl_planner.cpp.o[0m
[ 88%] [32m[1mLinking CXX shared library /home/ludovica/RL/homework2/devel/.private/kdl_ros_control/lib/libkdl_ros_control.so[0m
[ 88%] Built target kdl_ros_control
[100%] [32m[1mLinking CXX executable /home/ludovica/RL/homework2/devel/.private/kdl_ros_control/lib/kdl_ros_control/kdl_robot_test[0m
[100%] Built target kdl_robot_test
