[01m[K/home/ludovica/RL/catkin_ws/src/arm_controller/src/Arm_Controller.cpp:29:20:[m[K [01;31m[Kerror: [m[Kfound ‘[01m[K:[m[K’ in nested-name-specifier, expected ‘[01m[K::[m[K’
   29 | void Arm_Controller[01;31m[K:[m[KtopicCallback(const sensor_msgs::JointState& message)
      |                    [01;31m[K^[m[K
      |                    [32m[K::[m[K
In file included from [01m[K/opt/ros/noetic/include/ros/ros.h:40[m[K,
                 from [01m[K/home/ludovica/RL/catkin_ws/src/arm_controller/include/Arm_Controller/Arm_Controller.h:4[m[K,
                 from [01m[K/home/ludovica/RL/catkin_ws/src/arm_controller/src/Arm_Controller.cpp:1[m[K:
[01m[K/home/ludovica/RL/catkin_ws/src/arm_controller/src/Arm_Controller.cpp:[m[K In member function ‘[01m[Kvoid Arm_Controller::topicCallback(const JointState&)[m[K’:
[01m[K/home/ludovica/RL/catkin_ws/src/arm_controller/src/Arm_Controller.cpp:31:51:[m[K [01;31m[Kerror: [m[K‘[01m[Ki[m[K’ was not declared in this scope
   31 |   ROS_INFO("Joint %s: Position %4.f",message.name[[01;31m[Ki[m[K].c_str,message.Position);
      |                                                   [01;31m[K^[m[K
[01m[K/opt/ros/noetic/include/ros/console.h:351:165:[m[K [01;36m[Knote: [m[Kin definition of macro ‘[01m[KROSCONSOLE_PRINT_AT_LOCATION_WITH_FILTER[m[K’
  351 |     ::ros::console::print(filter, __rosconsole_define_location__loc.logger_, __rosconsole_define_location__loc.level_, __FILE__, __LINE__, __ROSCONSOLE_FUNCTION__, [01;36m[K__VA_ARGS__[m[K)
      |                                                                                                                                                                     [01;36m[K^~~~~~~~~~~[m[K
[01m[K/opt/ros/noetic/include/ros/console.h:390:7:[m[K [01;36m[Knote: [m[Kin expansion of macro ‘[01m[KROSCONSOLE_PRINT_AT_LOCATION[m[K’
  390 |       [01;36m[KROSCONSOLE_PRINT_AT_LOCATION[m[K(__VA_ARGS__); \
      |       [01;36m[K^~~~~~~~~~~~~~~~~~~~~~~~~~~~[m[K
[01m[K/opt/ros/noetic/include/ros/console.h:575:35:[m[K [01;36m[Knote: [m[Kin expansion of macro ‘[01m[KROS_LOG_COND[m[K’
  575 | #define ROS_LOG(level, name, ...) [01;36m[KROS_LOG_COND[m[K(true, level, name, __VA_ARGS__)
      |                                   [01;36m[K^~~~~~~~~~~~[m[K
[01m[K/opt/ros/noetic/include/rosconsole/macros_generated.h:110:23:[m[K [01;36m[Knote: [m[Kin expansion of macro ‘[01m[KROS_LOG[m[K’
  110 | #define ROS_INFO(...) [01;36m[KROS_LOG[m[K(::ros::console::levels::Info, ROSCONSOLE_DEFAULT_NAME, __VA_ARGS__)
      |                       [01;36m[K^~~~~~~[m[K
[01m[K/home/ludovica/RL/catkin_ws/src/arm_controller/src/Arm_Controller.cpp:31:3:[m[K [01;36m[Knote: [m[Kin expansion of macro ‘[01m[KROS_INFO[m[K’
   31 |   [01;36m[KROS_INFO[m[K("Joint %s: Position %4.f",message.name[i].c_str,message.Position);
      |   [01;36m[K^~~~~~~~[m[K
[01m[K/home/ludovica/RL/catkin_ws/src/arm_controller/src/Arm_Controller.cpp:31:68:[m[K [01;31m[Kerror: [m[K‘[01m[Kconst JointState[m[K’ {aka ‘[01m[Kconst struct sensor_msgs::JointState_<std::allocator<void> >[m[K’} has no member named ‘[01m[KPosition[m[K’; did you mean ‘[01m[Kposition[m[K’?
   31 |   ROS_INFO("Joint %s: Position %4.f",message.name[i].c_str,message.[01;31m[KPosition[m[K);
      |                                                                    [01;31m[K^~~~~~~~[m[K
[01m[K/opt/ros/noetic/include/ros/console.h:351:165:[m[K [01;36m[Knote: [m[Kin definition of macro ‘[01m[KROSCONSOLE_PRINT_AT_LOCATION_WITH_FILTER[m[K’
  351 |     ::ros::console::print(filter, __rosconsole_define_location__loc.logger_, __rosconsole_define_location__loc.level_, __FILE__, __LINE__, __ROSCONSOLE_FUNCTION__, [01;36m[K__VA_ARGS__[m[K)
      |                                                                                                                                                                     [01;36m[K^~~~~~~~~~~[m[K
[01m[K/opt/ros/noetic/include/ros/console.h:390:7:[m[K [01;36m[Knote: [m[Kin expansion of macro ‘[01m[KROSCONSOLE_PRINT_AT_LOCATION[m[K’
  390 |       [01;36m[KROSCONSOLE_PRINT_AT_LOCATION[m[K(__VA_ARGS__); \
      |       [01;36m[K^~~~~~~~~~~~~~~~~~~~~~~~~~~~[m[K
[01m[K/opt/ros/noetic/include/ros/console.h:575:35:[m[K [01;36m[Knote: [m[Kin expansion of macro ‘[01m[KROS_LOG_COND[m[K’
  575 | #define ROS_LOG(level, name, ...) [01;36m[KROS_LOG_COND[m[K(true, level, name, __VA_ARGS__)
      |                                   [01;36m[K^~~~~~~~~~~~[m[K
[01m[K/opt/ros/noetic/include/rosconsole/macros_generated.h:110:23:[m[K [01;36m[Knote: [m[Kin expansion of macro ‘[01m[KROS_LOG[m[K’
  110 | #define ROS_INFO(...) [01;36m[KROS_LOG[m[K(::ros::console::levels::Info, ROSCONSOLE_DEFAULT_NAME, __VA_ARGS__)
      |                       [01;36m[K^~~~~~~[m[K
[01m[K/home/ludovica/RL/catkin_ws/src/arm_controller/src/Arm_Controller.cpp:31:3:[m[K [01;36m[Knote: [m[Kin expansion of macro ‘[01m[KROS_INFO[m[K’
   31 |   [01;36m[KROS_INFO[m[K("Joint %s: Position %4.f",message.name[i].c_str,message.Position);
      |   [01;36m[K^~~~~~~~[m[K
make[2]: *** [CMakeFiles/arm_controller_node.dir/build.make:76: CMakeFiles/arm_controller_node.dir/src/Arm_Controller.cpp.o] Error 1
make[1]: *** [CMakeFiles/Makefile2:165: CMakeFiles/arm_controller_node.dir/all] Error 2
make: *** [Makefile:141: all] Error 2
