[01m[K/home/ludovica/RL/catkin_ws/src/arm_controller/src/Arm_Controller.cpp:[m[K In constructor ‘[01m[KArm_Controller::Arm_Controller(ros::NodeHandle&)[m[K’:
[01m[K/home/ludovica/RL/catkin_ws/src/arm_controller/src/Arm_Controller.cpp:14:75:[m[K [01;31m[Kerror: [m[Kno matching function for call to ‘[01m[Kros::NodeHandle::subscribe(sensor_msgs::JointState&, int, void (Arm_Controller::*)(const JointState&), Arm_Controller*)[m[K’
   14 |                                       &Arm_Controller::topicCallback, this[01;31m[K)[m[K;
      |                                                                           [01;31m[K^[m[K
In file included from [01m[K/opt/ros/noetic/include/ros/ros.h:45[m[K,
                 from [01m[K/home/ludovica/RL/catkin_ws/src/arm_controller/include/Arm_Controller/Arm_Controller.h:4[m[K,
                 from [01m[K/home/ludovica/RL/catkin_ws/src/arm_controller/src/Arm_Controller.cpp:1[m[K:
[01m[K/opt/ros/noetic/include/ros/node_handle.h:402:14:[m[K [01;36m[Knote: [m[Kcandidate: ‘[01m[Ktemplate<class M, class T> ros::Subscriber ros::NodeHandle::subscribe(const string&, uint32_t, void (T::*)(M), T*, const ros::TransportHints&)[m[K’
  402 |   Subscriber [01;36m[Ksubscribe[m[K(const std::string& topic, uint32_t queue_size, void(T::*fp)(M), T* obj,
      |              [01;36m[K^~~~~~~~~[m[K
[01m[K/opt/ros/noetic/include/ros/node_handle.h:402:14:[m[K [01;36m[Knote: [m[K  template argument deduction/substitution failed:
[01m[K/home/ludovica/RL/catkin_ws/src/arm_controller/src/Arm_Controller.cpp:13:39:[m[K [01;36m[Knote: [m[K  cannot convert ‘[01m[K((Arm_Controller*)this)->Arm_Controller::subscriberTopic_[m[K’ (type ‘[01m[Ksensor_msgs::JointState[m[K’ {aka ‘[01m[Ksensor_msgs::JointState_<std::allocator<void> >[m[K’}) to type ‘[01m[Kconst string&[m[K’ {aka ‘[01m[Kconst std::__cxx11::basic_string<char>&[m[K’}
   13 |   subscriber_ = nodeHandle_.subscribe([01;36m[KsubscriberTopic_[m[K, 1,
      |                                       [01;36m[K^~~~~~~~~~~~~~~~[m[K
In file included from [01m[K/opt/ros/noetic/include/ros/ros.h:45[m[K,
                 from [01m[K/home/ludovica/RL/catkin_ws/src/arm_controller/include/Arm_Controller/Arm_Controller.h:4[m[K,
                 from [01m[K/home/ludovica/RL/catkin_ws/src/arm_controller/src/Arm_Controller.cpp:1[m[K:
[01m[K/opt/ros/noetic/include/ros/node_handle.h:413:14:[m[K [01;36m[Knote: [m[Kcandidate: ‘[01m[Ktemplate<class M, class T> ros::Subscriber ros::NodeHandle::subscribe(const string&, uint32_t, void (T::*)(M) const, T*, const ros::TransportHints&)[m[K’
  413 |   Subscriber [01;36m[Ksubscribe[m[K(const std::string& topic, uint32_t queue_size, void(T::*fp)(M) const, T* obj,
      |              [01;36m[K^~~~~~~~~[m[K
[01m[K/opt/ros/noetic/include/ros/node_handle.h:413:14:[m[K [01;36m[Knote: [m[K  template argument deduction/substitution failed:
[01m[K/home/ludovica/RL/catkin_ws/src/arm_controller/src/Arm_Controller.cpp:14:75:[m[K [01;36m[Knote: [m[K  types ‘[01m[Kvoid (T::)(M) const[m[K’ and ‘[01m[Kvoid (Arm_Controller::)(const JointState&)[m[K’ {aka ‘[01m[Kvoid (Arm_Controller::)(const sensor_msgs::JointState_<std::allocator<void> >&)[m[K’} have incompatible cv-qualifiers
   14 |                                       &Arm_Controller::topicCallback, this[01;36m[K)[m[K;
      |                                                                           [01;36m[K^[m[K
In file included from [01m[K/opt/ros/noetic/include/ros/ros.h:45[m[K,
                 from [01m[K/home/ludovica/RL/catkin_ws/src/arm_controller/include/Arm_Controller/Arm_Controller.h:4[m[K,
                 from [01m[K/home/ludovica/RL/catkin_ws/src/arm_controller/src/Arm_Controller.cpp:1[m[K:
[01m[K/opt/ros/noetic/include/ros/node_handle.h:465:14:[m[K [01;36m[Knote: [m[Kcandidate: ‘[01m[Ktemplate<class M, class T> ros::Subscriber ros::NodeHandle::subscribe(const string&, uint32_t, void (T::*)(const boost::shared_ptr<const M>&), T*, const ros::TransportHints&)[m[K’
  465 |   Subscriber [01;36m[Ksubscribe[m[K(const std::string& topic, uint32_t queue_size,
      |              [01;36m[K^~~~~~~~~[m[K
[01m[K/opt/ros/noetic/include/ros/node_handle.h:465:14:[m[K [01;36m[Knote: [m[K  template argument deduction/substitution failed:
[01m[K/home/ludovica/RL/catkin_ws/src/arm_controller/src/Arm_Controller.cpp:14:75:[m[K [01;36m[Knote: [m[K  mismatched types ‘[01m[Kconst boost::shared_ptr<const M>[m[K’ and ‘[01m[Kconst JointState[m[K’ {aka ‘[01m[Kconst sensor_msgs::JointState_<std::allocator<void> >[m[K’}
   14 |                                       &Arm_Controller::topicCallback, this[01;36m[K)[m[K;
      |                                                                           [01;36m[K^[m[K
In file included from [01m[K/opt/ros/noetic/include/ros/ros.h:45[m[K,
                 from [01m[K/home/ludovica/RL/catkin_ws/src/arm_controller/include/Arm_Controller/Arm_Controller.h:4[m[K,
                 from [01m[K/home/ludovica/RL/catkin_ws/src/arm_controller/src/Arm_Controller.cpp:1[m[K:
[01m[K/opt/ros/noetic/include/ros/node_handle.h:475:14:[m[K [01;36m[Knote: [m[Kcandidate: ‘[01m[Ktemplate<class M, class T> ros::Subscriber ros::NodeHandle::subscribe(const string&, uint32_t, void (T::*)(const boost::shared_ptr<const M>&) const, T*, const ros::TransportHints&)[m[K’
  475 |   Subscriber [01;36m[Ksubscribe[m[K(const std::string& topic, uint32_t queue_size,
      |              [01;36m[K^~~~~~~~~[m[K
[01m[K/opt/ros/noetic/include/ros/node_handle.h:475:14:[m[K [01;36m[Knote: [m[K  template argument deduction/substitution failed:
[01m[K/home/ludovica/RL/catkin_ws/src/arm_controller/src/Arm_Controller.cpp:14:75:[m[K [01;36m[Knote: [m[K  types ‘[01m[Kvoid (T::)(const boost::shared_ptr<const M>&) const[m[K’ and ‘[01m[Kvoid (Arm_Controller::)(const JointState&)[m[K’ {aka ‘[01m[Kvoid (Arm_Controller::)(const sensor_msgs::JointState_<std::allocator<void> >&)[m[K’} have incompatible cv-qualifiers
   14 |                                       &Arm_Controller::topicCallback, this[01;36m[K)[m[K;
      |                                                                           [01;36m[K^[m[K
In file included from [01m[K/opt/ros/noetic/include/ros/ros.h:45[m[K,
                 from [01m[K/home/ludovica/RL/catkin_ws/src/arm_controller/include/Arm_Controller/Arm_Controller.h:4[m[K,
                 from [01m[K/home/ludovica/RL/catkin_ws/src/arm_controller/src/Arm_Controller.cpp:1[m[K:
[01m[K/opt/ros/noetic/include/ros/node_handle.h:529:14:[m[K [01;36m[Knote: [m[Kcandidate: ‘[01m[Ktemplate<class M, class T> ros::Subscriber ros::NodeHandle::subscribe(const string&, uint32_t, void (T::*)(M), const boost::shared_ptr<U>&, const ros::TransportHints&)[m[K’
  529 |   Subscriber [01;36m[Ksubscribe[m[K(const std::string& topic, uint32_t queue_size, void(T::*fp)(M),
      |              [01;36m[K^~~~~~~~~[m[K
[01m[K/opt/ros/noetic/include/ros/node_handle.h:529:14:[m[K [01;36m[Knote: [m[K  template argument deduction/substitution failed:
[01m[K/home/ludovica/RL/catkin_ws/src/arm_controller/src/Arm_Controller.cpp:14:75:[m[K [01;36m[Knote: [m[K  mismatched types ‘[01m[Kconst boost::shared_ptr<U>[m[K’ and ‘[01m[KArm_Controller*[m[K’
   14 |                                       &Arm_Controller::topicCallback, this[01;36m[K)[m[K;
      |                                                                           [01;36m[K^[m[K
In file included from [01m[K/opt/ros/noetic/include/ros/ros.h:45[m[K,
                 from [01m[K/home/ludovica/RL/catkin_ws/src/arm_controller/include/Arm_Controller/Arm_Controller.h:4[m[K,
                 from [01m[K/home/ludovica/RL/catkin_ws/src/arm_controller/src/Arm_Controller.cpp:1[m[K:
[01m[K/opt/ros/noetic/include/ros/node_handle.h:540:14:[m[K [01;36m[Knote: [m[Kcandidate: ‘[01m[Ktemplate<class M, class T> ros::Subscriber ros::NodeHandle::subscribe(const string&, uint32_t, void (T::*)(M) const, const boost::shared_ptr<U>&, const ros::TransportHints&)[m[K’
  540 |   Subscriber [01;36m[Ksubscribe[m[K(const std::string& topic, uint32_t queue_size, void(T::*fp)(M) const,
      |              [01;36m[K^~~~~~~~~[m[K
[01m[K/opt/ros/noetic/include/ros/node_handle.h:540:14:[m[K [01;36m[Knote: [m[K  template argument deduction/substitution failed:
[01m[K/home/ludovica/RL/catkin_ws/src/arm_controller/src/Arm_Controller.cpp:14:75:[m[K [01;36m[Knote: [m[K  types ‘[01m[Kvoid (T::)(M) const[m[K’ and ‘[01m[Kvoid (Arm_Controller::)(const JointState&)[m[K’ {aka ‘[01m[Kvoid (Arm_Controller::)(const sensor_msgs::JointState_<std::allocator<void> >&)[m[K’} have incompatible cv-qualifiers
   14 |                                       &Arm_Controller::topicCallback, this[01;36m[K)[m[K;
      |                                                                           [01;36m[K^[m[K
In file included from [01m[K/opt/ros/noetic/include/ros/ros.h:45[m[K,
                 from [01m[K/home/ludovica/RL/catkin_ws/src/arm_controller/include/Arm_Controller/Arm_Controller.h:4[m[K,
                 from [01m[K/home/ludovica/RL/catkin_ws/src/arm_controller/src/Arm_Controller.cpp:1[m[K:
[01m[K/opt/ros/noetic/include/ros/node_handle.h:594:14:[m[K [01;36m[Knote: [m[Kcandidate: ‘[01m[Ktemplate<class M, class T> ros::Subscriber ros::NodeHandle::subscribe(const string&, uint32_t, void (T::*)(const boost::shared_ptr<const M>&), const boost::shared_ptr<U>&, const ros::TransportHints&)[m[K’
  594 |   Subscriber [01;36m[Ksubscribe[m[K(const std::string& topic, uint32_t queue_size,
      |              [01;36m[K^~~~~~~~~[m[K
[01m[K/opt/ros/noetic/include/ros/node_handle.h:594:14:[m[K [01;36m[Knote: [m[K  template argument deduction/substitution failed:
[01m[K/home/ludovica/RL/catkin_ws/src/arm_controller/src/Arm_Controller.cpp:14:75:[m[K [01;36m[Knote: [m[K  mismatched types ‘[01m[Kconst boost::shared_ptr<const M>[m[K’ and ‘[01m[Kconst JointState[m[K’ {aka ‘[01m[Kconst sensor_msgs::JointState_<std::allocator<void> >[m[K’}
   14 |                                       &Arm_Controller::topicCallback, this[01;36m[K)[m[K;
      |                                                                           [01;36m[K^[m[K
In file included from [01m[K/opt/ros/noetic/include/ros/ros.h:45[m[K,
                 from [01m[K/home/ludovica/RL/catkin_ws/src/arm_controller/include/Arm_Controller/Arm_Controller.h:4[m[K,
                 from [01m[K/home/ludovica/RL/catkin_ws/src/arm_controller/src/Arm_Controller.cpp:1[m[K:
[01m[K/opt/ros/noetic/include/ros/node_handle.h:605:14:[m[K [01;36m[Knote: [m[Kcandidate: ‘[01m[Ktemplate<class M, class T> ros::Subscriber ros::NodeHandle::subscribe(const string&, uint32_t, void (T::*)(const boost::shared_ptr<const M>&) const, const boost::shared_ptr<U>&, const ros::TransportHints&)[m[K’
  605 |   Subscriber [01;36m[Ksubscribe[m[K(const std::string& topic, uint32_t queue_size,
      |              [01;36m[K^~~~~~~~~[m[K
[01m[K/opt/ros/noetic/include/ros/node_handle.h:605:14:[m[K [01;36m[Knote: [m[K  template argument deduction/substitution failed:
[01m[K/home/ludovica/RL/catkin_ws/src/arm_controller/src/Arm_Controller.cpp:14:75:[m[K [01;36m[Knote: [m[K  types ‘[01m[Kvoid (T::)(const boost::shared_ptr<const M>&) const[m[K’ and ‘[01m[Kvoid (Arm_Controller::)(const JointState&)[m[K’ {aka ‘[01m[Kvoid (Arm_Controller::)(const sensor_msgs::JointState_<std::allocator<void> >&)[m[K’} have incompatible cv-qualifiers
   14 |                                       &Arm_Controller::topicCallback, this[01;36m[K)[m[K;
      |                                                                           [01;36m[K^[m[K
In file included from [01m[K/opt/ros/noetic/include/ros/ros.h:45[m[K,
                 from [01m[K/home/ludovica/RL/catkin_ws/src/arm_controller/include/Arm_Controller/Arm_Controller.h:4[m[K,
                 from [01m[K/home/ludovica/RL/catkin_ws/src/arm_controller/src/Arm_Controller.cpp:1[m[K:
[01m[K/opt/ros/noetic/include/ros/node_handle.h:656:14:[m[K [01;36m[Knote: [m[Kcandidate: ‘[01m[Ktemplate<class M> ros::Subscriber ros::NodeHandle::subscribe(const string&, uint32_t, void (*)(M), const ros::TransportHints&)[m[K’
  656 |   Subscriber [01;36m[Ksubscribe[m[K(const std::string& topic, uint32_t queue_size, void(*fp)(M), const TransportHints& transport_hints = TransportHints())
      |              [01;36m[K^~~~~~~~~[m[K
[01m[K/opt/ros/noetic/include/ros/node_handle.h:656:14:[m[K [01;36m[Knote: [m[K  template argument deduction/substitution failed:
[01m[K/home/ludovica/RL/catkin_ws/src/arm_controller/src/Arm_Controller.cpp:14:75:[m[K [01;36m[Knote: [m[K  mismatched types ‘[01m[Kvoid (*)(M)[m[K’ and ‘[01m[Kvoid (Arm_Controller::*)(const JointState&)[m[K’ {aka ‘[01m[Kvoid (Arm_Controller::*)(const sensor_msgs::JointState_<std::allocator<void> >&)[m[K’}
   14 |                                       &Arm_Controller::topicCallback, this[01;36m[K)[m[K;
      |                                                                           [01;36m[K^[m[K
In file included from [01m[K/opt/ros/noetic/include/ros/ros.h:45[m[K,
                 from [01m[K/home/ludovica/RL/catkin_ws/src/arm_controller/include/Arm_Controller/Arm_Controller.h:4[m[K,
                 from [01m[K/home/ludovica/RL/catkin_ws/src/arm_controller/src/Arm_Controller.cpp:1[m[K:
[01m[K/opt/ros/noetic/include/ros/node_handle.h:704:14:[m[K [01;36m[Knote: [m[Kcandidate: ‘[01m[Ktemplate<class M> ros::Subscriber ros::NodeHandle::subscribe(const string&, uint32_t, void (*)(const boost::shared_ptr<const M>&), const ros::TransportHints&)[m[K’
  704 |   Subscriber [01;36m[Ksubscribe[m[K(const std::string& topic, uint32_t queue_size, void(*fp)(const boost::shared_ptr<M const>&), const TransportHints& transport_hints = TransportHints())
      |              [01;36m[K^~~~~~~~~[m[K
[01m[K/opt/ros/noetic/include/ros/node_handle.h:704:14:[m[K [01;36m[Knote: [m[K  template argument deduction/substitution failed:
[01m[K/home/ludovica/RL/catkin_ws/src/arm_controller/src/Arm_Controller.cpp:14:75:[m[K [01;36m[Knote: [m[K  mismatched types ‘[01m[Kvoid (*)(const boost::shared_ptr<const M>&)[m[K’ and ‘[01m[Kvoid (Arm_Controller::*)(const JointState&)[m[K’ {aka ‘[01m[Kvoid (Arm_Controller::*)(const sensor_msgs::JointState_<std::allocator<void> >&)[m[K’}
   14 |                                       &Arm_Controller::topicCallback, this[01;36m[K)[m[K;
      |                                                                           [01;36m[K^[m[K
In file included from [01m[K/opt/ros/noetic/include/ros/ros.h:45[m[K,
                 from [01m[K/home/ludovica/RL/catkin_ws/src/arm_controller/include/Arm_Controller/Arm_Controller.h:4[m[K,
                 from [01m[K/home/ludovica/RL/catkin_ws/src/arm_controller/src/Arm_Controller.cpp:1[m[K:
[01m[K/opt/ros/noetic/include/ros/node_handle.h:750:14:[m[K [01;36m[Knote: [m[Kcandidate: ‘[01m[Ktemplate<class M> ros::Subscriber ros::NodeHandle::subscribe(const string&, uint32_t, const boost::function<void(const boost::shared_ptr<const M>&)>&, const VoidConstPtr&, const ros::TransportHints&)[m[K’
  750 |   Subscriber [01;36m[Ksubscribe[m[K(const std::string& topic, uint32_t queue_size, const boost::function<void (const boost::shared_ptr<M const>&)>& callback,
      |              [01;36m[K^~~~~~~~~[m[K
[01m[K/opt/ros/noetic/include/ros/node_handle.h:750:14:[m[K [01;36m[Knote: [m[K  template argument deduction/substitution failed:
[01m[K/home/ludovica/RL/catkin_ws/src/arm_controller/src/Arm_Controller.cpp:14:75:[m[K [01;36m[Knote: [m[K  mismatched types ‘[01m[Kconst boost::function<void(const boost::shared_ptr<const M>&)>[m[K’ and ‘[01m[Kvoid (Arm_Controller::*)(const JointState&)[m[K’ {aka ‘[01m[Kvoid (Arm_Controller::*)(const sensor_msgs::JointState_<std::allocator<void> >&)[m[K’}
   14 |                                       &Arm_Controller::topicCallback, this[01;36m[K)[m[K;
      |                                                                           [01;36m[K^[m[K
In file included from [01m[K/opt/ros/noetic/include/ros/ros.h:45[m[K,
                 from [01m[K/home/ludovica/RL/catkin_ws/src/arm_controller/include/Arm_Controller/Arm_Controller.h:4[m[K,
                 from [01m[K/home/ludovica/RL/catkin_ws/src/arm_controller/src/Arm_Controller.cpp:1[m[K:
[01m[K/opt/ros/noetic/include/ros/node_handle.h:799:14:[m[K [01;36m[Knote: [m[Kcandidate: ‘[01m[Ktemplate<class M, class C> ros::Subscriber ros::NodeHandle::subscribe(const string&, uint32_t, const boost::function<void(C)>&, const VoidConstPtr&, const ros::TransportHints&)[m[K’
  799 |   Subscriber [01;36m[Ksubscribe[m[K(const std::string& topic, uint32_t queue_size, const boost::function<void (C)>& callback,
      |              [01;36m[K^~~~~~~~~[m[K
[01m[K/opt/ros/noetic/include/ros/node_handle.h:799:14:[m[K [01;36m[Knote: [m[K  template argument deduction/substitution failed:
[01m[K/home/ludovica/RL/catkin_ws/src/arm_controller/src/Arm_Controller.cpp:14:75:[m[K [01;36m[Knote: [m[K  mismatched types ‘[01m[Kconst boost::function<void(C)>[m[K’ and ‘[01m[Kvoid (Arm_Controller::*)(const JointState&)[m[K’ {aka ‘[01m[Kvoid (Arm_Controller::*)(const sensor_msgs::JointState_<std::allocator<void> >&)[m[K’}
   14 |                                       &Arm_Controller::topicCallback, this[01;36m[K)[m[K;
      |                                                                           [01;36m[K^[m[K
In file included from [01m[K/opt/ros/noetic/include/ros/ros.h:45[m[K,
                 from [01m[K/home/ludovica/RL/catkin_ws/src/arm_controller/include/Arm_Controller/Arm_Controller.h:4[m[K,
                 from [01m[K/home/ludovica/RL/catkin_ws/src/arm_controller/src/Arm_Controller.cpp:1[m[K:
[01m[K/opt/ros/noetic/include/ros/node_handle.h:836:14:[m[K [01;36m[Knote: [m[Kcandidate: ‘[01m[Kros::Subscriber ros::NodeHandle::subscribe(ros::SubscribeOptions&)[m[K’
  836 |   Subscriber [01;36m[Ksubscribe[m[K(SubscribeOptions& ops);
      |              [01;36m[K^~~~~~~~~[m[K
[01m[K/opt/ros/noetic/include/ros/node_handle.h:836:14:[m[K [01;36m[Knote: [m[K  candidate expects 1 argument, 4 provided
[01m[K/home/ludovica/RL/catkin_ws/src/arm_controller/src/Arm_Controller.cpp:[m[K At global scope:
[01m[K/home/ludovica/RL/catkin_ws/src/arm_controller/src/Arm_Controller.cpp:21:8:[m[K [01;31m[Kerror: [m[Kfound ‘[01m[K:[m[K’ in nested-name-specifier, expected ‘[01m[K::[m[K’
   21 | }Failed[01;31m[K:[m[KFailed:
      |        [01;31m[K^[m[K
      |        [32m[K::[m[K
[01m[K/home/ludovica/RL/catkin_ws/src/arm_controller/src/Arm_Controller.cpp:21:2:[m[K [01;31m[Kerror: [m[K‘[01m[KFailed[m[K’ does not name a type
   21 | }[01;31m[KFailed[m[K:Failed:
      |  [01;31m[K^~~~~~[m[K
make[2]: *** [CMakeFiles/arm_controller_node.dir/build.make:76: CMakeFiles/arm_controller_node.dir/src/Arm_Controller.cpp.o] Error 1
make[2]: *** Waiting for unfinished jobs....
make[1]: *** [CMakeFiles/Makefile2:165: CMakeFiles/arm_controller_node.dir/all] Error 2
make: *** [Makefile:141: all] Error 2
