In file included from [01m[K/opt/ros/noetic/include/ros/ros.h:40[m[K,
                 from [01m[K/home/ludovica/RL/catkin_ws/src/arm_controller/include/Arm_Controller/Arm_Controller.h:4[m[K,
                 from [01m[K/home/ludovica/RL/catkin_ws/src/arm_controller/src/Arm_Controller.cpp:1[m[K:
[01m[K/home/ludovica/RL/catkin_ws/src/arm_controller/src/Arm_Controller.cpp:[m[K In member function ‘[01m[Kvoid Arm_Controller::topicCallback(const ConstPtr&)[m[K’:
[01m[K/home/ludovica/RL/catkin_ws/src/arm_controller/src/Arm_Controller.cpp:27:61:[m[K [01;31m[Kerror: [m[Kbase operand of ‘[01m[K->[m[K’ has non-pointer type ‘[01m[Kconst value_type[m[K’ {aka ‘[01m[Kconst std::__cxx11::basic_string<char>[m[K’}
   27 |         ROS_INFO("Joint %s: Position %.4f", message->name[i][01;31m[K->[m[Kc_str(), message->position[i]);
      |                                                             [01;31m[K^~[m[K
[01m[K/opt/ros/noetic/include/ros/console.h:351:165:[m[K [01;36m[Knote: [m[Kin definition of macro ‘[01m[KROSCONSOLE_PRINT_AT_LOCATION_WITH_FILTER[m[K’
  351 |     ::ros::console::print(filter, __rosconsole_define_location__loc.logger_, __rosconsole_define_location__loc.level_, __FILE__, __LINE__, __ROSCONSOLE_FUNCTION__, [01;36m[K__VA_ARGS__[m[K)
      |                                                                                                                                                                     [01;36m[K^~~~~~~~~~~[m[K
[01m[K/opt/ros/noetic/include/ros/console.h:390:7:[m[K [01;36m[Knote: [m[Kin expansion of macro ‘[01m[KROSCONSOLE_PRINT_AT_LOCATION[m[K’
  390 |       [01;36m[KROSCONSOLE_PRINT_AT_LOCATION[m[K(__VA_ARGS__); \
      |       [01;36m[K^~~~~~~~~~~~~~~~~~~~~~~~~~~~[m[K
[01m[K/opt/ros/noetic/include/ros/console.h:575:35:[m[K [01;36m[Knote: [m[Kin expansion of macro ‘[01m[KROS_LOG_COND[m[K’
  575 | #define ROS_LOG(level, name, ...) [01;36m[KROS_LOG_COND[m[K(true, level, name, __VA_ARGS__)
      |                                   [01;36m[K^~~~~~~~~~~~[m[K
[01m[K/opt/ros/noetic/include/rosconsole/macros_generated.h:110:23:[m[K [01;36m[Knote: [m[Kin expansion of macro ‘[01m[KROS_LOG[m[K’
  110 | #define ROS_INFO(...) [01;36m[KROS_LOG[m[K(::ros::console::levels::Info, ROSCONSOLE_DEFAULT_NAME, __VA_ARGS__)
      |                       [01;36m[K^~~~~~~[m[K
[01m[K/home/ludovica/RL/catkin_ws/src/arm_controller/src/Arm_Controller.cpp:27:9:[m[K [01;36m[Knote: [m[Kin expansion of macro ‘[01m[KROS_INFO[m[K’
   27 |         [01;36m[KROS_INFO[m[K("Joint %s: Position %.4f", message->name[i]->c_str(), message->position[i]);
      |         [01;36m[K^~~~~~~~[m[K
In file included from [01m[K/opt/ros/noetic/include/ros/serialization.h:37[m[K,
                 from [01m[K/opt/ros/noetic/include/ros/publisher.h:34[m[K,
                 from [01m[K/opt/ros/noetic/include/ros/node_handle.h:32[m[K,
                 from [01m[K/opt/ros/noetic/include/ros/ros.h:45[m[K,
                 from [01m[K/home/ludovica/RL/catkin_ws/src/arm_controller/include/Arm_Controller/Arm_Controller.h:4[m[K,
                 from [01m[K/home/ludovica/RL/catkin_ws/src/arm_controller/src/Arm_Controller.cpp:1[m[K:
/opt/ros/noetic/include/ros/message_traits.h: In instantiation of ‘[01m[Kstatic const char* ros::message_traits::MD5Sum<M>::value(const M&) [with M = float][m[K’:
[01m[K/opt/ros/noetic/include/ros/message_traits.h:254:102:[m[K   required from ‘[01m[Kconst char* ros::message_traits::md5sum(const M&) [with M = float][m[K’
[01m[K/opt/ros/noetic/include/ros/publisher.h:117:38:[m[K   required from ‘[01m[Kvoid ros::Publisher::publish(const M&) const [with M = float][m[K’
[01m[K/home/ludovica/RL/catkin_ws/src/arm_controller/src/Arm_Controller.cpp:41:50:[m[K   required from here
[01m[K/opt/ros/noetic/include/ros/message_traits.h:125:14:[m[K [01;31m[Kerror: [m[Krequest for member ‘[01m[K__getMD5Sum[m[K’ in ‘[01m[Km[m[K’, which is of non-class type ‘[01m[Kconst float[m[K’
  125 |     return [01;31m[Km.__getMD5Sum[m[K().c_str();
      |            [01;31m[K~~^~~~~~~~~~~[m[K
/opt/ros/noetic/include/ros/message_traits.h: In instantiation of ‘[01m[Kstatic const char* ros::message_traits::DataType<M>::value(const M&) [with M = float][m[K’:
[01m[K/opt/ros/noetic/include/ros/message_traits.h:263:104:[m[K   required from ‘[01m[Kconst char* ros::message_traits::datatype(const M&) [with M = float][m[K’
[01m[K/opt/ros/noetic/include/ros/publisher.h:119:11:[m[K   required from ‘[01m[Kvoid ros::Publisher::publish(const M&) const [with M = float][m[K’
[01m[K/home/ludovica/RL/catkin_ws/src/arm_controller/src/Arm_Controller.cpp:41:50:[m[K   required from here
[01m[K/opt/ros/noetic/include/ros/message_traits.h:142:14:[m[K [01;31m[Kerror: [m[Krequest for member ‘[01m[K__getDataType[m[K’ in ‘[01m[Km[m[K’, which is of non-class type ‘[01m[Kconst float[m[K’
  142 |     return [01;31m[Km.__getDataType[m[K().c_str();
      |            [01;31m[K~~^~~~~~~~~~~~~[m[K
make[2]: *** [CMakeFiles/arm_controller_node.dir/build.make:76: CMakeFiles/arm_controller_node.dir/src/Arm_Controller.cpp.o] Error 1
make[1]: *** [CMakeFiles/Makefile2:165: CMakeFiles/arm_controller_node.dir/all] Error 2
make: *** [Makefile:141: all] Error 2
