[  0%] Built target iiwa_msgs_generate_messages_cpp
[35m[1mScanning dependencies of target iiwa_ros[0m
[  4%] [32mBuilding CXX object CMakeFiles/iiwa_ros.dir/src/iiwa_ros.cpp.o[0m
[ 23%] [32mBuilding CXX object CMakeFiles/iiwa_ros.dir/src/state/cartesian_pose.cpp.o[0m
[ 23%] [32mBuilding CXX object CMakeFiles/iiwa_ros.dir/src/state/joint_torque.cpp.o[0m
[ 23%] [32mBuilding CXX object CMakeFiles/iiwa_ros.dir/src/state/joint_position.cpp.o[0m
[ 23%] [32mBuilding CXX object CMakeFiles/iiwa_ros.dir/src/state/cartesian_wrench.cpp.o[0m
[ 28%] [32mBuilding CXX object CMakeFiles/iiwa_ros.dir/src/state/external_joint_torque.cpp.o[0m
[ 33%] [32mBuilding CXX object CMakeFiles/iiwa_ros.dir/src/state/joint_velocity.cpp.o[0m
[ 38%] [32mBuilding CXX object CMakeFiles/iiwa_ros.dir/src/state/destination_reached.cpp.o[0m
[ 42%] [32mBuilding CXX object CMakeFiles/iiwa_ros.dir/src/command/generic_command.cpp.o[0m
[ 47%] [32mBuilding CXX object CMakeFiles/iiwa_ros.dir/src/command/cartesian_pose.cpp.o[0m
[ 52%] [32mBuilding CXX object CMakeFiles/iiwa_ros.dir/src/command/cartesian_pose_linear.cpp.o[0m
[ 57%] [32mBuilding CXX object CMakeFiles/iiwa_ros.dir/src/command/joint_position.cpp.o[0m
[ 61%] [32mBuilding CXX object CMakeFiles/iiwa_ros.dir/src/command/joint_position_velocity.cpp.o[0m
[ 66%] [32mBuilding CXX object CMakeFiles/iiwa_ros.dir/src/command/joint_velocity.cpp.o[0m
[ 71%] [32mBuilding CXX object CMakeFiles/iiwa_ros.dir/src/service/control_mode.cpp.o[0m
[ 76%] [32mBuilding CXX object CMakeFiles/iiwa_ros.dir/src/service/path_parameters.cpp.o[0m
[ 80%] [32mBuilding CXX object CMakeFiles/iiwa_ros.dir/src/service/path_parameters_lin.cpp.o[0m
[ 85%] [32mBuilding CXX object CMakeFiles/iiwa_ros.dir/src/service/time_to_destination.cpp.o[0m
[01m[K/home/ludovica/RL/homework2/src/iiwa_stack/iiwa_ros/src/service/control_mode.cpp:[m[K In member function ‘[01m[Kbool iiwa_ros::service::ControlModeService::setJointImpedanceMode(double, double)[m[K’:
[01m[K/home/ludovica/RL/homework2/src/iiwa_stack/iiwa_ros/src/service/control_mode.cpp:136:1:[m[K [01;35m[Kwarning: [m[Kno return statement in function returning non-void [[01;35m[K-Wreturn-type[m[K]
  136 | [01;35m[K}[m[K
      | [01;35m[K^[m[K
[01m[K/home/ludovica/RL/homework2/src/iiwa_stack/iiwa_ros/src/service/control_mode.cpp:[m[K In member function ‘[01m[Kbool iiwa_ros::service::ControlModeService::setCartesianImpedanceMode(const CartesianQuantity&, const CartesianQuantity&, double, double)[m[K’:
[01m[K/home/ludovica/RL/homework2/src/iiwa_stack/iiwa_ros/src/service/control_mode.cpp:156:1:[m[K [01;35m[Kwarning: [m[Kno return statement in function returning non-void [[01;35m[K-Wreturn-type[m[K]
  156 | [01;35m[K}[m[K
      | [01;35m[K^[m[K
[01m[K/home/ludovica/RL/homework2/src/iiwa_stack/iiwa_ros/src/service/control_mode.cpp:[m[K In member function ‘[01m[Kbool iiwa_ros::service::ControlModeService::setCartesianImpedanceMode(const CartesianQuantity&, const CartesianQuantity&)[m[K’:
[01m[K/home/ludovica/RL/homework2/src/iiwa_stack/iiwa_ros/src/service/control_mode.cpp:163:1:[m[K [01;35m[Kwarning: [m[Kno return statement in function returning non-void [[01;35m[K-Wreturn-type[m[K]
  163 | [01;35m[K}[m[K
      | [01;35m[K^[m[K
[01m[K/home/ludovica/RL/homework2/src/iiwa_stack/iiwa_ros/src/service/control_mode.cpp:[m[K In member function ‘[01m[Kbool iiwa_ros::service::ControlModeService::setCartesianImpedanceMode(const CartesianQuantity&, const CartesianQuantity&, const CartesianQuantity&, const CartesianQuantity&, const CartesianQuantity&, bool)[m[K’:
[01m[K/home/ludovica/RL/homework2/src/iiwa_stack/iiwa_ros/src/service/control_mode.cpp:173:1:[m[K [01;35m[Kwarning: [m[Kno return statement in function returning non-void [[01;35m[K-Wreturn-type[m[K]
  173 | [01;35m[K}[m[K
      | [01;35m[K^[m[K
[01m[K/home/ludovica/RL/homework2/src/iiwa_stack/iiwa_ros/src/service/control_mode.cpp:[m[K In member function ‘[01m[Kbool iiwa_ros::service::ControlModeService::setDesiredForceMode(int, double, double)[m[K’:
[01m[K/home/ludovica/RL/homework2/src/iiwa_stack/iiwa_ros/src/service/control_mode.cpp:190:1:[m[K [01;35m[Kwarning: [m[Kno return statement in function returning non-void [[01;35m[K-Wreturn-type[m[K]
  190 | [01;35m[K}[m[K
      | [01;35m[K^[m[K
[01m[K/home/ludovica/RL/homework2/src/iiwa_stack/iiwa_ros/src/service/control_mode.cpp:[m[K In member function ‘[01m[Kbool iiwa_ros::service::ControlModeService::setSinePatternmode(int, double, double, double)[m[K’:
[01m[K/home/ludovica/RL/homework2/src/iiwa_stack/iiwa_ros/src/service/control_mode.cpp:207:1:[m[K [01;35m[Kwarning: [m[Kno return statement in function returning non-void [[01;35m[K-Wreturn-type[m[K]
  207 | [01;35m[K}[m[K
      | [01;35m[K^[m[K
[01m[K/home/ludovica/RL/homework2/src/iiwa_stack/iiwa_ros/src/service/path_parameters.cpp:[m[K In member function ‘[01m[Kbool iiwa_ros::service::PathParametersService::setSmartServoJointSpeedLimits(double, double)[m[K’:
[01m[K/home/ludovica/RL/homework2/src/iiwa_stack/iiwa_ros/src/service/path_parameters.cpp:73:1:[m[K [01;35m[Kwarning: [m[Kno return statement in function returning non-void [[01;35m[K-Wreturn-type[m[K]
   73 | [01;35m[K}[m[K
      | [01;35m[K^[m[K
[01m[K/home/ludovica/RL/homework2/src/iiwa_stack/iiwa_ros/src/service/path_parameters.cpp:[m[K In member function ‘[01m[Kbool iiwa_ros::service::PathParametersService::setJointVelocity(double)[m[K’:
[01m[K/home/ludovica/RL/homework2/src/iiwa_stack/iiwa_ros/src/service/path_parameters.cpp:77:1:[m[K [01;35m[Kwarning: [m[Kno return statement in function returning non-void [[01;35m[K-Wreturn-type[m[K]
   77 | [01;35m[K}[m[K
      | [01;35m[K^[m[K
[01m[K/home/ludovica/RL/homework2/src/iiwa_stack/iiwa_ros/src/service/path_parameters.cpp:[m[K In member function ‘[01m[Kbool iiwa_ros::service::PathParametersService::setJointAcceleration(double)[m[K’:
[01m[K/home/ludovica/RL/homework2/src/iiwa_stack/iiwa_ros/src/service/path_parameters.cpp:81:1:[m[K [01;35m[Kwarning: [m[Kno return statement in function returning non-void [[01;35m[K-Wreturn-type[m[K]
   81 | [01;35m[K}[m[K
      | [01;35m[K^[m[K
[01m[K/home/ludovica/RL/homework2/src/iiwa_stack/iiwa_ros/src/service/path_parameters.cpp:[m[K In member function ‘[01m[Kbool iiwa_ros::service::PathParametersService::setOverrideJointAcceleration(double)[m[K’:
[01m[K/home/ludovica/RL/homework2/src/iiwa_stack/iiwa_ros/src/service/path_parameters.cpp:85:1:[m[K [01;35m[Kwarning: [m[Kno return statement in function returning non-void [[01;35m[K-Wreturn-type[m[K]
   85 | [01;35m[K}[m[K
      | [01;35m[K^[m[K
[01m[K/home/ludovica/RL/homework2/src/iiwa_stack/iiwa_ros/src/service/path_parameters_lin.cpp:[m[K In member function ‘[01m[Kbool iiwa_ros::service::PathParametersLinService::setMaxCartesianVelocity(geometry_msgs::Twist)[m[K’:
[01m[K/home/ludovica/RL/homework2/src/iiwa_stack/iiwa_ros/src/service/path_parameters_lin.cpp:63:1:[m[K [01;35m[Kwarning: [m[Kno return statement in function returning non-void [[01;35m[K-Wreturn-type[m[K]
   63 | [01;35m[K}[m[K
      | [01;35m[K^[m[K
[01m[K/home/ludovica/RL/homework2/src/iiwa_stack/iiwa_ros/src/service/control_mode.cpp:[m[K In member function ‘[01m[Kvirtual bool iiwa_ros::service::ControlModeService::callService()[m[K’:
[01m[K/home/ludovica/RL/homework2/src/iiwa_stack/iiwa_ros/src/service/control_mode.cpp:61:1:[m[K [01;35m[Kwarning: [m[Kcontrol reaches end of non-void function [[01;35m[K-Wreturn-type[m[K]
   61 | [01;35m[K}[m[K
      | [01;35m[K^[m[K
[01m[K/home/ludovica/RL/homework2/src/iiwa_stack/iiwa_ros/src/service/path_parameters.cpp:[m[K In member function ‘[01m[Kvirtual bool iiwa_ros::service::PathParametersService::callService()[m[K’:
[01m[K/home/ludovica/RL/homework2/src/iiwa_stack/iiwa_ros/src/service/path_parameters.cpp:59:1:[m[K [01;35m[Kwarning: [m[Kcontrol reaches end of non-void function [[01;35m[K-Wreturn-type[m[K]
   59 | [01;35m[K}[m[K
      | [01;35m[K^[m[K
[01m[K/home/ludovica/RL/homework2/src/iiwa_stack/iiwa_ros/src/service/path_parameters_lin.cpp:[m[K In member function ‘[01m[Kvirtual bool iiwa_ros::service::PathParametersLinService::callService()[m[K’:
[01m[K/home/ludovica/RL/homework2/src/iiwa_stack/iiwa_ros/src/service/path_parameters_lin.cpp:59:1:[m[K [01;35m[Kwarning: [m[Kcontrol reaches end of non-void function [[01;35m[K-Wreturn-type[m[K]
   59 | [01;35m[K}[m[K
      | [01;35m[K^[m[K
[01m[K/home/ludovica/RL/homework2/src/iiwa_stack/iiwa_ros/src/service/time_to_destination.cpp:[m[K In member function ‘[01m[Kdouble iiwa_ros::service::TimeToDestinationService::getTimeToDestination()[m[K’:
[01m[K/home/ludovica/RL/homework2/src/iiwa_stack/iiwa_ros/src/service/time_to_destination.cpp:53:1:[m[K [01;35m[Kwarning: [m[Kcontrol reaches end of non-void function [[01;35m[K-Wreturn-type[m[K]
   53 | [01;35m[K}[m[K
      | [01;35m[K^[m[K
[ 90%] [32m[1mLinking CXX shared library /home/ludovica/RL/homework2/devel/.private/iiwa_ros/lib/libiiwa_ros.so[0m
[ 90%] Built target iiwa_ros
[35m[1mScanning dependencies of target iiwa_ros_test[0m
[ 95%] [32mBuilding CXX object CMakeFiles/iiwa_ros_test.dir/src/main.cpp.o[0m
[100%] [32m[1mLinking CXX executable /home/ludovica/RL/homework2/devel/.private/iiwa_ros/lib/iiwa_ros/iiwa_ros_test[0m
[100%] Built target iiwa_ros_test
