Symlinking /home/ludovica/RL/catkin_ws/devel/share/common-lisp/ros/my_pkg/msg/my_pkg-msg.asd
Symlinking /home/ludovica/RL/catkin_ws/devel/share/common-lisp/ros/my_pkg/msg/my_msg.lisp
Symlinking /home/ludovica/RL/catkin_ws/devel/share/common-lisp/ros/my_pkg/msg/_package.lisp
Symlinking /home/ludovica/RL/catkin_ws/devel/share/common-lisp/ros/my_pkg/msg/_package_my_msg.lisp
Symlinking /home/ludovica/RL/catkin_ws/devel/share/roseus/ros/my_pkg/manifest.l
Symlinking /home/ludovica/RL/catkin_ws/devel/share/roseus/ros/my_pkg/msg/my_msg.l
Symlinking /home/ludovica/RL/catkin_ws/devel/share/gennodejs/ros/my_pkg/_index.js
Symlinking /home/ludovica/RL/catkin_ws/devel/share/gennodejs/ros/my_pkg/msg/my_msg.js
Symlinking /home/ludovica/RL/catkin_ws/devel/share/gennodejs/ros/my_pkg/msg/_index.js
Symlinking /home/ludovica/RL/catkin_ws/devel/share/my_pkg/cmake/my_pkgConfig-version.cmake
Symlinking /home/ludovica/RL/catkin_ws/devel/share/my_pkg/cmake/my_pkgConfig.cmake
Symlinking /home/ludovica/RL/catkin_ws/devel/share/my_pkg/cmake/my_pkg-msg-paths.cmake
Symlinking /home/ludovica/RL/catkin_ws/devel/share/my_pkg/cmake/my_pkg-msg-extras.cmake
Symlinking /home/ludovica/RL/catkin_ws/devel/lib/pkgconfig/my_pkg.pc
Symlinking /home/ludovica/RL/catkin_ws/devel/lib/python3/dist-packages/my_pkg/__init__.py
Symlinking /home/ludovica/RL/catkin_ws/devel/lib/python3/dist-packages/my_pkg/msg/__init__.py
Symlinking /home/ludovica/RL/catkin_ws/devel/lib/python3/dist-packages/my_pkg/msg/_my_msg.py
Symlinking /home/ludovica/RL/catkin_ws/devel/lib/my_pkg/my_pkg_listener
Symlinking /home/ludovica/RL/catkin_ws/devel/lib/my_pkg/my_pkg_node
Symlinking /home/ludovica/RL/catkin_ws/devel/lib/my_pkg/my_pkg
Symlinking /home/ludovica/RL/catkin_ws/devel/include/my_pkg/my_msg.h
